<?xml version="1.0" encoding="UTF-8"?>
<!-- Generated by org.testng.reporters.JUnitXMLReporter -->
<testsuite hostname="DESKTOP-4DC082F" ignored="2" name="TreinamentoRestAssuredTests" tests="9" failures="1" timestamp="2020-07-03T14:58:42 BRT" time="13.887" errors="0">
  <testcase name="adicionaNovoPet" time="9.539" classname="org.example.ExerciciosTreinamento1"/>
  <testcase name="atualizaPetExistente" time="0.779" classname="org.example.ExerciciosTreinamento1"/>
  <testcase name="atualizaPetIdInexistente" time="0.441" classname="org.example.ExerciciosTreinamento1">
    <failure type="java.lang.AssertionError" message="1 expectation failed.
Expected status code &amp;lt;400&amp;gt; but was &amp;lt;500&amp;gt;.
">
      <![CDATA[java.lang.AssertionError: 1 expectation failed.
Expected status code <400> but was <500>.

at org.codehaus.groovy.runtime.callsite.ConstructorSite$ConstructorSiteNoUnwrap.callConstructor(ConstructorSite.java:84)
at org.codehaus.groovy.runtime.callsite.CallSiteArray.defaultCallConstructor(CallSiteArray.java:59)
at org.codehaus.groovy.runtime.callsite.AbstractCallSite.callConstructor(AbstractCallSite.java:263)
at org.codehaus.groovy.runtime.callsite.AbstractCallSite.callConstructor(AbstractCallSite.java:277)
at io.restassured.internal.ResponseSpecificationImpl$HamcrestAssertionClosure.validate(ResponseSpecificationImpl.groovy:493)
at io.restassured.internal.ResponseSpecificationImpl$HamcrestAssertionClosure$validate$1.call(Unknown Source)
at io.restassured.internal.ResponseSpecificationImpl.validateResponseIfRequired(ResponseSpecificationImpl.groovy:674)
at org.codehaus.groovy.runtime.callsite.PlainObjectMetaMethodSite.doInvoke(PlainObjectMetaMethodSite.java:43)
at org.codehaus.groovy.runtime.callsite.PogoMetaMethodSite$PogoCachedMethodSiteNoUnwrapNoCoerce.invoke(PogoMetaMethodSite.java:193)
at org.codehaus.groovy.runtime.callsite.PogoMetaMethodSite.callCurrent(PogoMetaMethodSite.java:61)
at org.codehaus.groovy.runtime.callsite.AbstractCallSite.callCurrent(AbstractCallSite.java:185)
at io.restassured.internal.ResponseSpecificationImpl.statusCode(ResponseSpecificationImpl.groovy:126)
at io.restassured.specification.ResponseSpecification$statusCode$0.callCurrent(Unknown Source)
at io.restassured.internal.ResponseSpecificationImpl.statusCode(ResponseSpecificationImpl.groovy:134)
at io.restassured.internal.ValidatableResponseOptionsImpl.statusCode(ValidatableResponseOptionsImpl.java:89)
at io.restassured.internal.ValidatableResponseImpl.super$2$statusCode(ValidatableResponseImpl.groovy)
at groovy.lang.MetaMethod.doMethodInvoke(MetaMethod.java:323)
at groovy.lang.MetaClassImpl.invokeMethod(MetaClassImpl.java:1262)
at org.codehaus.groovy.runtime.ScriptBytecodeAdapter.invokeMethodOnSuperN(ScriptBytecodeAdapter.java:144)
at io.restassured.internal.ValidatableResponseImpl.statusCode(ValidatableResponseImpl.groovy:142)
at io.restassured.internal.ValidatableResponseImpl.statusCode(ValidatableResponseImpl.groovy)
at org.example.ExerciciosTreinamento1.atualizaPetIdInexistente(ExerciciosTreinamento1.java:127)
at java.util.ArrayList.forEach(ArrayList.java:1257)
... Removed 51 stack frames]]>
    </failure>
  </testcase> <!-- atualizaPetIdInexistente -->
  <testcase name="metodoInvalido" time="0.428" classname="org.example.ExerciciosTreinamento1"/>
  <testcase name="pesquisaPestFindByStatus" time="0.878" classname="org.example.ExerciciosTreinamento1"/>
  <testcase name="pesquisaPetInexistente" time="0.435" classname="org.example.ExerciciosTreinamento1"/>
  <testcase name="cadastroUsuariosDataDriving" time="0.527" classname="org.example.ExerciciosTreinamento2"/>
  <testcase name="cadastroUsuariosDataDriving" time="0.331" classname="org.example.ExerciciosTreinamento2"/>
  <testcase name="cadastroUsuariosDataDriving" time="0.324" classname="org.example.ExerciciosTreinamento2"/>
  <testcase name="@AfterSuite afterSuite" time="0.0" classname="Relatorio.Relatorio">
    <ignored/>
  </testcase> <!-- @AfterSuite afterSuite -->
  <testcase name="@BeforeSuite beforSuite" time="0.0" classname="Relatorio.Relatorio">
    <ignored/>
  </testcase> <!-- @BeforeSuite beforSuite -->
</testsuite> <!-- TreinamentoRestAssuredTests -->
